<?xml version="1.0" encoding="UTF-8"?>
<!-- Generated by org.testng.reporters.JUnitXMLReporter -->
<testsuite ignored="0" hostname="Ildars-MacBook-Pro.local" failures="0" tests="3" name="Default test" time="0.071" errors="0" timestamp="2023-08-16T00:38:02 PDT">
  <testcase classname="qaclickacademy.RESTAPITest" name="deleteTwitter" time="0.007"/>
  <testcase classname="qaclickacademy.RESTAPITest" name="deleteTwitter12" time="0.0"/>
  <testcase classname="qaclickacademy.RESTAPITest" name="postJira" time="0.001"/>
</testsuite> <!-- Default test -->
