<?xml version="1.0" encoding="UTF-8"?>
<testng-results ignored="0" total="3" passed="3" failed="0" skipped="0">
  <reporter-output>
  </reporter-output>
  <suite started-at="2023-08-16T00:38:02 PDT" name="Default suite" finished-at="2023-08-16T00:38:02 PDT" duration-ms="71">
    <groups>
    </groups>
    <test started-at="2023-08-16T00:38:02 PDT" name="Default test" finished-at="2023-08-16T00:38:02 PDT" duration-ms="71">
      <class name="qaclickacademy.RESTAPITest">
        <test-method signature="deleteTwitter()[pri:0, instance:qaclickacademy.RESTAPITest@34f7cfd9]" started-at="2023-08-16T00:38:02 PDT" name="deleteTwitter" finished-at="2023-08-16T00:38:02 PDT" duration-ms="7" status="PASS">
          <reporter-output>
          </reporter-output>
        </test-method> <!-- deleteTwitter -->
        <test-method signature="deleteTwitter12()[pri:0, instance:qaclickacademy.RESTAPITest@34f7cfd9]" started-at="2023-08-16T00:38:02 PDT" name="deleteTwitter12" finished-at="2023-08-16T00:38:02 PDT" duration-ms="0" status="PASS">
          <reporter-output>
          </reporter-output>
        </test-method> <!-- deleteTwitter12 -->
        <test-method signature="postJira()[pri:0, instance:qaclickacademy.RESTAPITest@34f7cfd9]" started-at="2023-08-16T00:38:02 PDT" name="postJira" finished-at="2023-08-16T00:38:02 PDT" duration-ms="1" status="PASS">
          <reporter-output>
          </reporter-output>
        </test-method> <!-- postJira -->
      </class> <!-- qaclickacademy.RESTAPITest -->
    </test> <!-- Default test -->
  </suite> <!-- Default suite -->
</testng-results>
